<?xml version="1.0" encoding="UTF-8"?>
<testsuite name="com.innotas.r2d2.R2D2Tests" tests="1" skipped="0" failures="0" errors="0" timestamp="2019-03-20T18:30:03" hostname="DESKTOP-83LI5UK" time="0.277">
  <properties/>
  <testcase name="contextLoads" classname="com.innotas.r2d2.R2D2Tests" time="0.277"/>
  <system-out><![CDATA[11:30:01.915 [Test worker] DEBUG org.springframework.test.context.junit4.SpringJUnit4ClassRunner - SpringJUnit4ClassRunner constructor called with [class com.innotas.r2d2.R2D2Tests]
11:30:01.924 [Test worker] DEBUG org.springframework.test.context.BootstrapUtils - Instantiating CacheAwareContextLoaderDelegate from class [org.springframework.test.context.cache.DefaultCacheAwareContextLoaderDelegate]
11:30:01.932 [Test worker] DEBUG org.springframework.test.context.BootstrapUtils - Instantiating BootstrapContext using constructor [public org.springframework.test.context.support.DefaultBootstrapContext(java.lang.Class,org.springframework.test.context.CacheAwareContextLoaderDelegate)]
11:30:01.946 [Test worker] DEBUG org.springframework.test.context.BootstrapUtils - Instantiating TestContextBootstrapper for test class [com.innotas.r2d2.R2D2Tests] from class [org.springframework.boot.test.context.SpringBootTestContextBootstrapper]
11:30:01.956 [Test worker] INFO org.springframework.boot.test.context.SpringBootTestContextBootstrapper - Neither @ContextConfiguration nor @ContextHierarchy found for test class [com.innotas.r2d2.R2D2Tests], using SpringBootContextLoader
11:30:01.959 [Test worker] DEBUG org.springframework.test.context.support.AbstractContextLoader - Did not detect default resource location for test class [com.innotas.r2d2.R2D2Tests]: class path resource [com/innotas/r2d2/R2D2Tests-context.xml] does not exist
11:30:01.960 [Test worker] DEBUG org.springframework.test.context.support.AbstractContextLoader - Did not detect default resource location for test class [com.innotas.r2d2.R2D2Tests]: class path resource [com/innotas/r2d2/R2D2TestsContext.groovy] does not exist
11:30:01.960 [Test worker] INFO org.springframework.test.context.support.AbstractContextLoader - Could not detect default resource locations for test class [com.innotas.r2d2.R2D2Tests]: no resource found for suffixes {-context.xml, Context.groovy}.
11:30:01.960 [Test worker] INFO org.springframework.test.context.support.AnnotationConfigContextLoaderUtils - Could not detect default configuration classes for test class [com.innotas.r2d2.R2D2Tests]: R2D2Tests does not declare any static, non-private, non-final, nested classes annotated with @Configuration.
11:30:01.992 [Test worker] DEBUG org.springframework.test.context.support.ActiveProfilesUtils - Could not find an 'annotation declaring class' for annotation type [org.springframework.test.context.ActiveProfiles] and class [com.innotas.r2d2.R2D2Tests]
11:30:02.050 [Test worker] DEBUG org.springframework.context.annotation.ClassPathScanningCandidateComponentProvider - Identified candidate component class: file [C:\Temp\r2d2\build\classes\java\main\com\innotas\r2d2\R2D2.class]
11:30:02.052 [Test worker] INFO org.springframework.boot.test.context.SpringBootTestContextBootstrapper - Found @SpringBootConfiguration com.innotas.r2d2.R2D2 for test class com.innotas.r2d2.R2D2Tests
11:30:02.132 [Test worker] DEBUG org.springframework.boot.test.context.SpringBootTestContextBootstrapper - @TestExecutionListeners is not present for class [com.innotas.r2d2.R2D2Tests]: using defaults.
11:30:02.133 [Test worker] INFO org.springframework.boot.test.context.SpringBootTestContextBootstrapper - Loaded default TestExecutionListener class names from location [META-INF/spring.factories]: [org.springframework.boot.test.autoconfigure.restdocs.RestDocsTestExecutionListener, org.springframework.boot.test.autoconfigure.web.client.MockRestServiceServerResetTestExecutionListener, org.springframework.boot.test.autoconfigure.web.servlet.MockMvcPrintOnlyOnFailureTestExecutionListener, org.springframework.boot.test.autoconfigure.web.servlet.WebDriverTestExecutionListener, org.springframework.boot.test.mock.mockito.MockitoTestExecutionListener, org.springframework.boot.test.mock.mockito.ResetMocksTestExecutionListener, org.springframework.test.context.web.ServletTestExecutionListener, org.springframework.test.context.support.DirtiesContextBeforeModesTestExecutionListener, org.springframework.test.context.support.DependencyInjectionTestExecutionListener, org.springframework.test.context.support.DirtiesContextTestExecutionListener, org.springframework.test.context.transaction.TransactionalTestExecutionListener, org.springframework.test.context.jdbc.SqlScriptsTestExecutionListener]
11:30:02.142 [Test worker] DEBUG org.springframework.boot.test.context.SpringBootTestContextBootstrapper - Skipping candidate TestExecutionListener [org.springframework.test.context.transaction.TransactionalTestExecutionListener] due to a missing dependency. Specify custom listener classes or make the default listener classes and their required dependencies available. Offending class: [org/springframework/transaction/interceptor/TransactionAttributeSource]
11:30:02.142 [Test worker] DEBUG org.springframework.boot.test.context.SpringBootTestContextBootstrapper - Skipping candidate TestExecutionListener [org.springframework.test.context.jdbc.SqlScriptsTestExecutionListener] due to a missing dependency. Specify custom listener classes or make the default listener classes and their required dependencies available. Offending class: [org/springframework/transaction/interceptor/TransactionAttribute]
11:30:02.142 [Test worker] INFO org.springframework.boot.test.context.SpringBootTestContextBootstrapper - Using TestExecutionListeners: [org.springframework.test.context.web.ServletTestExecutionListener@7d335faf, org.springframework.test.context.support.DirtiesContextBeforeModesTestExecutionListener@75839538, org.springframework.boot.test.mock.mockito.MockitoTestExecutionListener@6cf14cf5, org.springframework.boot.test.autoconfigure.SpringBootDependencyInjectionTestExecutionListener@a9e73c9, org.springframework.test.context.support.DirtiesContextTestExecutionListener@6db78b12, org.springframework.boot.test.autoconfigure.restdocs.RestDocsTestExecutionListener@474f9c9, org.springframework.boot.test.autoconfigure.web.client.MockRestServiceServerResetTestExecutionListener@62849b56, org.springframework.boot.test.autoconfigure.web.servlet.MockMvcPrintOnlyOnFailureTestExecutionListener@1bfdbcf4, org.springframework.boot.test.autoconfigure.web.servlet.WebDriverTestExecutionListener@4ac35b82, org.springframework.boot.test.mock.mockito.ResetMocksTestExecutionListener@695a59a2]
11:30:02.144 [Test worker] DEBUG org.springframework.test.annotation.ProfileValueUtils - Retrieved @ProfileValueSourceConfiguration [null] for test class [com.innotas.r2d2.R2D2Tests]
11:30:02.145 [Test worker] DEBUG org.springframework.test.annotation.ProfileValueUtils - Retrieved ProfileValueSource type [class org.springframework.test.annotation.SystemProfileValueSource] for class [com.innotas.r2d2.R2D2Tests]
11:30:02.145 [Test worker] DEBUG org.springframework.test.annotation.ProfileValueUtils - Retrieved @ProfileValueSourceConfiguration [null] for test class [com.innotas.r2d2.R2D2Tests]
11:30:02.145 [Test worker] DEBUG org.springframework.test.annotation.ProfileValueUtils - Retrieved ProfileValueSource type [class org.springframework.test.annotation.SystemProfileValueSource] for class [com.innotas.r2d2.R2D2Tests]
11:30:02.149 [Test worker] DEBUG org.springframework.test.context.support.AbstractDirtiesContextTestExecutionListener - Before test class: context [DefaultTestContext@22ef6ead testClass = R2D2Tests, testInstance = [null], testMethod = [null], testException = [null], mergedContextConfiguration = [WebMergedContextConfiguration@705e688c testClass = R2D2Tests, locations = '{}', classes = '{class com.innotas.r2d2.R2D2}', contextInitializerClasses = '[]', activeProfiles = '{}', propertySourceLocations = '{}', propertySourceProperties = '{org.springframework.boot.test.context.SpringBootTestContextBootstrapper=true}', contextCustomizers = set[org.springframework.boot.test.autoconfigure.properties.PropertyMappingContextCustomizer@0, org.springframework.boot.test.autoconfigure.web.servlet.WebDriverContextCustomizerFactory$Customizer@70c1f347, org.springframework.boot.test.context.filter.ExcludeFilterContextCustomizer@29082635, org.springframework.boot.test.json.DuplicateJsonObjectContextCustomizerFactory$DuplicateJsonObjectContextCustomizer@7f38eb9e, org.springframework.boot.test.mock.mockito.MockitoContextCustomizer@0, org.springframework.boot.test.web.client.TestRestTemplateContextCustomizer@16b0394c], resourceBasePath = 'src/main/webapp', contextLoader = 'org.springframework.boot.test.context.SpringBootContextLoader', parent = [null]], attributes = map['org.springframework.test.context.web.ServletTestExecutionListener.activateListener' -> true]], class annotated with @DirtiesContext [false] with mode [null].
11:30:02.153 [Test worker] DEBUG org.springframework.test.annotation.ProfileValueUtils - Retrieved @ProfileValueSourceConfiguration [null] for test class [com.innotas.r2d2.R2D2Tests]
11:30:02.153 [Test worker] DEBUG org.springframework.test.annotation.ProfileValueUtils - Retrieved ProfileValueSource type [class org.springframework.test.annotation.SystemProfileValueSource] for class [com.innotas.r2d2.R2D2Tests]
11:30:02.172 [Test worker] DEBUG org.springframework.test.context.support.TestPropertySourceUtils - Adding inlined properties to environment: {spring.jmx.enabled=false, org.springframework.boot.test.context.SpringBootTestContextBootstrapper=true, server.port=-1}

  .   ____          _            __ _ _
 /\\ / ___'_ __ _ _(_)_ __  __ _ \ \ \ \
( ( )\___ | '_ | '_| | '_ \/ _` | \ \ \ \
 \\/  ___)| |_)| | | | | || (_| |  ) ) ) )
  '  |____| .__|_| |_|_| |_\__, | / / / /
 =========|_|==============|___/=/_/_/_/
 :: Spring Boot ::        (v2.1.3.RELEASE)

2019-03-20 11:30:02.426  INFO 11788 --- [    Test worker] com.innotas.r2d2.R2D2Tests               : Starting R2D2Tests on DESKTOP-83LI5UK with PID 11788 (started by guybe in C:\Temp\r2d2)
2019-03-20 11:30:02.427  INFO 11788 --- [    Test worker] com.innotas.r2d2.R2D2Tests               : No active profile set, falling back to default profiles: default
2019-03-20 11:30:02.456 DEBUG 11788 --- [    Test worker] o.s.w.c.s.GenericWebApplicationContext   : Refreshing org.springframework.web.context.support.GenericWebApplicationContext@747be3f3
2019-03-20 11:30:03.433 DEBUG 11788 --- [    Test worker] o.s.w.s.handler.SimpleUrlHandlerMapping  : Patterns [/**/favicon.ico] in 'faviconHandlerMapping'
2019-03-20 11:30:03.520  INFO 11788 --- [    Test worker] o.s.s.concurrent.ThreadPoolTaskExecutor  : Initializing ExecutorService 'applicationTaskExecutor'
2019-03-20 11:30:03.534 DEBUG 11788 --- [    Test worker] s.w.s.m.m.a.RequestMappingHandlerAdapter : ControllerAdvice beans: 0 @ModelAttribute, 0 @InitBinder, 1 RequestBodyAdvice, 1 ResponseBodyAdvice
2019-03-20 11:30:03.594 DEBUG 11788 --- [    Test worker] s.w.s.m.m.a.RequestMappingHandlerMapping : 3 mappings in 'requestMappingHandlerMapping'
2019-03-20 11:30:03.614 DEBUG 11788 --- [    Test worker] o.s.w.s.handler.SimpleUrlHandlerMapping  : Patterns [/webjars/**, /**] in 'resourceHandlerMapping'
2019-03-20 11:30:03.623 DEBUG 11788 --- [    Test worker] .m.m.a.ExceptionHandlerExceptionResolver : ControllerAdvice beans: 0 @ExceptionHandler, 1 ResponseBodyAdvice
2019-03-20 11:30:03.811  INFO 11788 --- [    Test worker] com.innotas.r2d2.R2D2Tests               : Started R2D2Tests in 1.631 seconds (JVM running for 2.787)
]]></system-out>
  <system-err><![CDATA[]]></system-err>
</testsuite>
